#
# There is insufficient memory for the Java Runtime Environment to continue.
# Native memory allocation (mmap) failed to map 266338304 bytes for G1 virtual space
# Possible reasons:
#   The system is out of physical RAM or swap space
#   The process is running with CompressedOops enabled, and the Java Heap may be blocking the growth of the native heap
# Possible solutions:
#   Reduce memory load on the system
#   Increase physical memory or swap space
#   Check if swap backing store is full
#   Decrease Java heap size (-Xmx/-Xms)
#   Decrease number of Java threads
#   Decrease Java thread stack sizes (-Xss)
#   Set larger code cache with -XX:ReservedCodeCacheSize=
#   JVM is running with Zero Based Compressed Oops mode in which the Java heap is
#     placed in the first 32GB address space. The Java Heap base address is the
#     maximum limit for the native heap growth. Please use -XX:HeapBaseMinAddress
#     to set the Java Heap base and to place the Java Heap above 32GB virtual address.
# This output file may be truncated or incomplete.
#
#  Out of Memory Error (os_windows.cpp:3532), pid=5852, tid=10168
#
# JRE version:  (17.0.2+8) (build )
# Java VM: Java HotSpot(TM) 64-Bit Server VM (17.0.2+8-LTS-86, mixed mode, emulated-client, sharing, tiered, compressed oops, compressed class ptrs, g1 gc, windows-amd64)
# No core dump will be written. Minidumps are not enabled by default on client versions of Windows
#

---------------  S U M M A R Y ------------

Command Line: -XX:TieredStopAtLevel=1 -Xverify:none -Dspring.output.ansi.enabled=always -Dcom.sun.management.jmxremote -Dspring.jmx.enabled=true -Dspring.liveBeansView.mbeanDomain -Dspring.application.admin.enabled=true -javaagent:D:\Programs\Idea\IntelliJ IDEA 2022.1.1\lib\idea_rt.jar=51710:D:\Programs\Idea\IntelliJ IDEA 2022.1.1\bin -Dfile.encoding=UTF-8 com.anze.spzx.product.ProductApplication

Host: Intel(R) Core(TM) i5-10210U CPU @ 1.60GHz, 8 cores, 15G,  Windows 10 , 64 bit Build 19041 (10.0.19041.3636)
Time: Wed Mar 13 17:59:52 2024  Windows 10 , 64 bit Build 19041 (10.0.19041.3636) elapsed time: 0.059501 seconds (0d 0h 0m 0s)

---------------  T H R E A D  ---------------

Current thread (0x000002a512cc95b0):  JavaThread "Unknown thread" [_thread_in_vm, id=10168, stack(0x000000b8bb600000,0x000000b8bb700000)]

Stack: [0x000000b8bb600000,0x000000b8bb700000]
Native frames: (J=compiled Java code, j=interpreted, Vv=VM code, C=native code)
V  [jvm.dll+0x670baa]
V  [jvm.dll+0x7cfcb4]
V  [jvm.dll+0x7d145e]
V  [jvm.dll+0x7d1ac3]
V  [jvm.dll+0x242bc5]
V  [jvm.dll+0x66dac9]
V  [jvm.dll+0x662412]
V  [jvm.dll+0x300c0b]
V  [jvm.dll+0x3081a6]
V  [jvm.dll+0x357d0e]
V  [jvm.dll+0x357f3f]
V  [jvm.dll+0x2d7ec8]
V  [jvm.dll+0x2d8e34]
V  [jvm.dll+0x7a18c1]
V  [jvm.dll+0x365a91]
V  [jvm.dll+0x780d2c]
V  [jvm.dll+0x3e845f]
V  [jvm.dll+0x3e9f01]
C  [jli.dll+0x527b]
C  [ucrtbase.dll+0x21bb2]
C  [KERNEL32.DLL+0x17344]
C  [ntdll.dll+0x526b1]


---------------  P R O C E S S  ---------------

Threads class SMR info:
_java_thread_list=0x00007ffd6d249858, length=0, elements={
}

Java Threads: ( => current thread )

Other Threads:
  0x000002a512d187c0 GCTaskThread "GC Thread#0" [stack: 0x000000b8bb700000,0x000000b8bb800000] [id=5008]
  0x000002a512d29480 ConcurrentGCThread "G1 Main Marker" [stack: 0x000000b8bb800000,0x000000b8bb900000] [id=20452]
  0x000002a512d29e90 ConcurrentGCThread "G1 Conc#0" [stack: 0x000000b8bb900000,0x000000b8bba00000] [id=15572]

[error occurred during error reporting (printing all threads), id 0xc0000005, EXCEPTION_ACCESS_VIOLATION (0xc0000005) at pc=0x00007ffd6ca988a7]

VM state: not at safepoint (not fully initialized)

VM Mutex/Monitor currently owned by a thread:  ([mutex/lock_event])
[0x000002a512cc6630] Heap_lock - owner thread: 0x000002a512cc95b0

Heap address: 0x0000000702800000, size: 4056 MB, Compressed Oops mode: Zero based, Oop shift amount: 3

CDS archive(s) mapped at: [0x0000000000000000-0x0000000000000000-0x0000000000000000), size 0, SharedBaseAddress: 0x0000000800000000, ArchiveRelocationMode: 0.
Narrow klass base: 0x0000000000000000, Narrow klass shift: 0, Narrow klass range: 0x0

GC Precious Log:
<Empty>

Heap:
 garbage-first heap   total 0K, used 0K [0x0000000702800000, 0x0000000800000000)
  region size 2048K, 0 young (0K), 0 survivors (0K)

[error occurred during error reporting (printing heap information), id 0xc0000005, EXCEPTION_ACCESS_VIOLATION (0xc0000005) at pc=0x00007ffd6ce79f19]

GC Heap History (0 events):
No events

Deoptimization events (0 events):
No events

Classes unloaded (0 events):
No events

Classes redefined (0 events):
No events

Internal exceptions (0 events):
No events

VM Operations (0 events):
No events

Events (1 events):
Event: 0.050 Loaded shared library D:\Program Files\Java\jdk-17.0.2\bin\java.dll


Dynamic libraries:
0x00007ff7faca0000 - 0x00007ff7facb0000 	D:\Program Files\Java\jdk-17.0.2\bin\java.exe
0x00007ffdfc570000 - 0x00007ffdfc768000 	C:\Windows\SYSTEM32\ntdll.dll
0x00007ffdfc2a0000 - 0x00007ffdfc35d000 	C:\Windows\System32\KERNEL32.DLL
0x00007ffdf9e30000 - 0x00007ffdfa126000 	C:\Windows\System32\KERNELBASE.dll
0x00007ffdfa2e0000 - 0x00007ffdfa3e0000 	C:\Windows\System32\ucrtbase.dll
0x00007ffdc0570000 - 0x00007ffdc0588000 	D:\Program Files\Java\jdk-17.0.2\bin\jli.dll
0x00007ffdbb3f0000 - 0x00007ffdbb40a000 	D:\Program Files\Java\jdk-17.0.2\bin\VCRUNTIME140.dll
0x00007ffdfaac0000 - 0x00007ffdfab73000 	C:\Windows\System32\ADVAPI32.dll
0x00007ffdfc360000 - 0x00007ffdfc3fe000 	C:\Windows\System32\msvcrt.dll
0x00007ffdfb670000 - 0x00007ffdfb70f000 	C:\Windows\System32\sechost.dll
0x00007ffdfc400000 - 0x00007ffdfc526000 	C:\Windows\System32\RPCRT4.dll
0x00007ffdf9e00000 - 0x00007ffdf9e27000 	C:\Windows\System32\bcrypt.dll
0x00007ffdfb710000 - 0x00007ffdfb8ae000 	C:\Windows\System32\USER32.dll
0x00007ffdfa480000 - 0x00007ffdfa4a2000 	C:\Windows\System32\win32u.dll
0x00007ffdfb8c0000 - 0x00007ffdfb8eb000 	C:\Windows\System32\GDI32.dll
0x00007ffddc370000 - 0x00007ffddc60a000 	C:\Windows\WinSxS\amd64_microsoft.windows.common-controls_6595b64144ccf1df_6.0.19041.3636_none_60b6a03d71f818d5\COMCTL32.dll
0x00007ffdfa1c0000 - 0x00007ffdfa2d7000 	C:\Windows\System32\gdi32full.dll
0x00007ffdfa3e0000 - 0x00007ffdfa47d000 	C:\Windows\System32\msvcp_win.dll
0x00007ffdf23e0000 - 0x00007ffdf23ea000 	C:\Windows\SYSTEM32\VERSION.dll
0x00007ffdfacd0000 - 0x00007ffdfad02000 	C:\Windows\System32\IMM32.DLL
0x00007ffdd1aa0000 - 0x00007ffdd1aac000 	D:\Program Files\Java\jdk-17.0.2\bin\vcruntime140_1.dll
0x00007ffda77a0000 - 0x00007ffda782d000 	D:\Program Files\Java\jdk-17.0.2\bin\msvcp140.dll
0x00007ffd6c7b0000 - 0x00007ffd6d371000 	D:\Program Files\Java\jdk-17.0.2\bin\server\jvm.dll
0x00007ffdfaab0000 - 0x00007ffdfaab8000 	C:\Windows\System32\PSAPI.DLL
0x00007ffdf58f0000 - 0x00007ffdf58f9000 	C:\Windows\SYSTEM32\WSOCK32.dll
0x00007ffdfbd10000 - 0x00007ffdfbd7b000 	C:\Windows\System32\WS2_32.dll
0x00007ffde3f80000 - 0x00007ffde3fa7000 	C:\Windows\SYSTEM32\WINMM.dll
0x00007ffdf7ae0000 - 0x00007ffdf7af2000 	C:\Windows\SYSTEM32\kernel.appcore.dll
0x00007ffdd02a0000 - 0x00007ffdd02aa000 	D:\Program Files\Java\jdk-17.0.2\bin\jimage.dll
0x00007ffdeb020000 - 0x00007ffdeb204000 	C:\Windows\SYSTEM32\DBGHELP.DLL
0x00007ffde2170000 - 0x00007ffde21a4000 	C:\Windows\SYSTEM32\dbgcore.DLL
0x00007ffdfa130000 - 0x00007ffdfa1b2000 	C:\Windows\System32\bcryptPrimitives.dll
0x00007ffdf5a80000 - 0x00007ffdf5a8e000 	D:\Program Files\Java\jdk-17.0.2\bin\instrument.dll
0x00007ffdbabb0000 - 0x00007ffdbabd5000 	D:\Program Files\Java\jdk-17.0.2\bin\java.dll

dbghelp: loaded successfully - version: 4.0.5 - missing functions: none
symbol engine: initialized successfully - sym options: 0x614 - pdb path: .;D:\Program Files\Java\jdk-17.0.2\bin;C:\Windows\SYSTEM32;C:\Windows\WinSxS\amd64_microsoft.windows.common-controls_6595b64144ccf1df_6.0.19041.3636_none_60b6a03d71f818d5;D:\Program Files\Java\jdk-17.0.2\bin\server

VM Arguments:
jvm_args: -XX:TieredStopAtLevel=1 -Xverify:none -Dspring.output.ansi.enabled=always -Dcom.sun.management.jmxremote -Dspring.jmx.enabled=true -Dspring.liveBeansView.mbeanDomain -Dspring.application.admin.enabled=true -javaagent:D:\Programs\Idea\IntelliJ IDEA 2022.1.1\lib\idea_rt.jar=51710:D:\Programs\Idea\IntelliJ IDEA 2022.1.1\bin -Dfile.encoding=UTF-8 
java_command: com.anze.spzx.product.ProductApplication
java_class_path (initial): D:\java专用\IDEA专用\spzx-parent\spzx-service\service-product\target\classes;D:\Programs\Maven\maven-repo\org\springframework\boot\spring-boot-starter-data-redis\3.0.5\spring-boot-starter-data-redis-3.0.5.jar;D:\Programs\Maven\maven-repo\org\springframework\boot\spring-boot-starter\3.0.5\spring-boot-starter-3.0.5.jar;D:\Programs\Maven\maven-repo\org\springframework\boot\spring-boot\3.0.5\spring-boot-3.0.5.jar;D:\Programs\Maven\maven-repo\org\springframework\boot\spring-boot-autoconfigure\3.0.5\spring-boot-autoconfigure-3.0.5.jar;D:\Programs\Maven\maven-repo\org\springframework\boot\spring-boot-starter-logging\3.0.5\spring-boot-starter-logging-3.0.5.jar;D:\Programs\Maven\maven-repo\ch\qos\logback\logback-classic\1.4.6\logback-classic-1.4.6.jar;D:\Programs\Maven\maven-repo\ch\qos\logback\logback-core\1.4.6\logback-core-1.4.6.jar;D:\Programs\Maven\maven-repo\org\apache\logging\log4j\log4j-to-slf4j\2.19.0\log4j-to-slf4j-2.19.0.jar;D:\Programs\Maven\maven-repo\org\apache\logging\log4j\log4j-api\2.19.0\log4j-api-2.19.0.jar;D:\Programs\Maven\maven-repo\org\slf4j\jul-to-slf4j\2.0.7\jul-to-slf4j-2.0.7.jar;D:\Programs\Maven\maven-repo\jakarta\annotation\jakarta.annotation-api\2.1.1\jakarta.annotation-api-2.1.1.jar;D:\Programs\Maven\maven-repo\org\springframework\spring-core\6.0.7\spring-core-6.0.7.jar;D:\Programs\Maven\maven-repo\org\springframework\spring-jcl\6.0.7\spring-jcl-6.0.7.jar;D:\Programs\Maven\maven-repo\org\yaml\snakeyaml\1.33\snakeyaml-1.33.jar;D:\Programs\Maven\maven-repo\org\springframework\data\spring-data-redis\3.0.4\spring-data-redis-3.0.4.jar;D:\Programs\Maven\maven-repo\org\springframework\data\spring-data-keyvalue\3.0.4\spring-data-keyvalue-3.0.4.jar;D:\Programs\Maven\maven-repo\org\springframework\data\spring-data-commons\3.0.4\spring-data-commons-3.0.4.jar;D:\Programs\Maven\maven-repo\org\springframework\spring-tx\6.0.7\spring-tx-6.0.7.jar;D:\Programs\Maven\maven-repo\org\springframework\spring-oxm\6.0.7\spring-oxm-6.0.7.jar
Launcher Type: SUN_STANDARD

[Global flags]
     intx CICompilerCount                          = 4                                         {product} {ergonomic}
     uint ConcGCThreads                            = 2                                         {product} {ergonomic}
     uint G1ConcRefinementThreads                  = 8                                         {product} {ergonomic}
   size_t G1HeapRegionSize                         = 2097152                                   {product} {ergonomic}
    uintx GCDrainStackTargetSize                   = 64                                        {product} {ergonomic}
   size_t InitialHeapSize                          = 266338304                                 {product} {ergonomic}
     bool ManagementServer                         = true                                      {product} {command line}
   size_t MarkStackSize                            = 4194304                                   {product} {ergonomic}
   size_t MaxHeapSize                              = 4253024256                                {product} {ergonomic}
   size_t MinHeapDeltaBytes                        = 2097152                                   {product} {ergonomic}
   size_t MinHeapSize                              = 8388608                                   {product} {ergonomic}
    uintx NonProfiledCodeHeapSize                  = 0                                      {pd product} {ergonomic}
     bool ProfileInterpreter                       = false                                  {pd product} {command line}
    uintx ProfiledCodeHeapSize                     = 0                                      {pd product} {ergonomic}
   size_t SoftMaxHeapSize                          = 4253024256                             {manageable} {ergonomic}
     intx TieredStopAtLevel                        = 1                                         {product} {command line}
     bool UseCompressedClassPointers               = true                           {product lp64_product} {ergonomic}
     bool UseCompressedOops                        = true                           {product lp64_product} {ergonomic}
     bool UseG1GC                                  = true                                      {product} {ergonomic}
     bool UseLargePagesIndividualAllocation        = false                                  {pd product} {ergonomic}

Logging:
Log output configuration:
 #0: stdout all=warning uptime,level,tags
 #1: stderr all=off uptime,level,tags

Environment Variables:
JAVA_HOME=D:\Program Files\Java\jdk-8
PATH=D:\Ruanjian\Linux\VMware-Workstation 17\bin\;C:\Windows\system32;C:\Windows;C:\Windows\System32\Wbem;C:\Windows\System32\WindowsPowerShell\v1.0\;C:\Windows\System32\OpenSSH\;C:\Program Files (x86)\NVIDIA Corporation\PhysX\Common;C:\Program Files\NVIDIA Corporation\NVIDIA NvDLISR;D:\Program Files\Java\jdk-8\bin;D:\MySQL\MySQL Server 8.0\bin;D:\Programs\vscode compiler\mingw64\bin;D:\Programs\Git\cmd;D:\Programs\apache-tomcat-9.0.72\lib;D:\Programs\apache-tomcat-9.0.72\bin;D:\Programs\apache-tomcat-9.0.72\lib\servlet-api.jar;D:\Programs\Maven\apache-maven-3.9.0\bin;C:\Program Files (x86)\Microsoft SQL Server\160\Tools\Binn\;C:\Program Files\Microsoft SQL Server\160\Tools\Binn\;C:\Program Files\Microsoft SQL Server\Client SDK\ODBC\170\Tools\Binn\;C:\Program Files\Microsoft SQL Server\160\DTS\Binn\;D:\Programs\redis\Redis-x64-5.0.14.1\;D:\Utils\node.js\node-v16.18.0-win-x64\;D:\MySQL\MySQL Shell 8.0\bin\;C:\Users\admin\AppData\Local\Programs\Python\Python310\Scripts\;C:\Users\admin\AppData\Local\Programs\Python\Python310\;C:\Users\admin\AppData\Local\Microsoft\WindowsApps;;D:\Programs\Microsoft VS Code\bin
USERNAME=admin
OS=Windows_NT
PROCESSOR_IDENTIFIER=Intel64 Family 6 Model 142 Stepping 12, GenuineIntel



---------------  S Y S T E M  ---------------

OS:
 Windows 10 , 64 bit Build 19041 (10.0.19041.3636)
OS uptime: 0 days 5:53 hours

CPU: total 8 (initial active 8) (4 cores per cpu, 2 threads per core) family 6 model 142 stepping 12 microcode 0xde, cx8, cmov, fxsr, ht, mmx, 3dnowpref, sse, sse2, sse3, ssse3, sse4.1, sse4.2, popcnt, lzcnt, tsc, tscinvbit, avx, avx2, aes, erms, clmul, bmi1, bmi2, adx, fma, vzeroupper, clflush, clflushopt

Memory: 4k page, system-wide physical 16217M (1165M free)
TotalPageFile size 19140M (AvailPageFile size 135M)
current process WorkingSet (physical memory assigned to process): 11M, peak: 11M
current process commit charge ("private bytes"): 55M, peak: 309M

vm_info: Java HotSpot(TM) 64-Bit Server VM (17.0.2+8-LTS-86) for windows-amd64 JRE (17.0.2+8-LTS-86), built on Dec  7 2021 21:51:03 by "mach5one" with MS VC++ 16.8 / 16.9 (VS2019)

END.
